<?xml version="1.0" encoding="UTF-8"?>
<!-- Generated by org.testng.reporters.JUnitXMLReporter -->
<testsuite ignored="0" hostname="lin33001588" failures="2" tests="4" name="Test" time="49.457" errors="0" timestamp="2022-07-09T08:28:57 IST">
  <testcase classname="ComKiteQaTestCases.HomePageTest" name="HomepageTitle" time="2.02"/>
  <testcase classname="ComKiteQaTestCases.LoginPageTest" name="loginTest" time="13.252">
    <failure type="java.lang.AssertionError" message="expected [true] but found [false]">
      <![CDATA[java.lang.AssertionError: expected [true] but found [false]
at ComKiteQaTestCases.LoginPageTest.loginTest(LoginPageTest.java:51)
at java.base/java.util.ArrayList.forEach(ArrayList.java:1511)
... Removed 29 stack frames]]>
    </failure>
  </testcase> <!-- loginTest -->
  <testcase classname="ComKiteQaTestCases.LoginPageTest" name="HomePageTitleTest" time="2.012">
    <failure type="java.lang.AssertionError" message="expected [ite - Zerodha&amp;apos;s fast and elegant flagship trading platform] but found [Kite - Zerodha&amp;apos;s fast and elegant flagship trading platform]">
      <![CDATA[java.lang.AssertionError: expected [ite - Zerodha's fast and elegant flagship trading platform] but found [Kite - Zerodha's fast and elegant flagship trading platform]
at ComKiteQaTestCases.LoginPageTest.HomePageTitleTest(LoginPageTest.java:39)
at java.base/java.util.ArrayList.forEach(ArrayList.java:1511)
... Removed 31 stack frames]]>
    </failure>
  </testcase> <!-- HomePageTitleTest -->
  <testcase classname="ComKiteQaTestCases.LoginPageTest" name="KiteUserID" time="9.03"/>
</testsuite> <!-- Test -->
